[debug] [2023-01-22T18:22:35.766Z] ----------------------------------------------------------------------
[debug] [2023-01-22T18:22:35.770Z] Command:       C:\Program Files\nodejs\node.exe C:\Users\edina\AppData\Roaming\npm\node_modules\firebase-tools\lib\bin\firebase.js init
[debug] [2023-01-22T18:22:35.771Z] CLI Version:   11.21.0
[debug] [2023-01-22T18:22:35.771Z] Platform:      win32
[debug] [2023-01-22T18:22:35.771Z] Node Version:  v19.1.0
[debug] [2023-01-22T18:22:35.771Z] Time:          Sun Jan 22 2023 19:22:35 GMT+0100 (Central European Standard Time)
[debug] [2023-01-22T18:22:35.771Z] ----------------------------------------------------------------------
[debug] 
[debug] [2023-01-22T18:22:35.784Z] > command requires scopes: ["email","openid","https://www.googleapis.com/auth/cloudplatformprojects.readonly","https://www.googleapis.com/auth/firebase","https://www.googleapis.com/auth/cloud-platform"]
[debug] [2023-01-22T18:22:35.785Z] > authorizing via signed-in user (edinakucevic26@gmail.com)
[info] 
     ######## #### ########  ######## ########     ###     ######  ########
     ##        ##  ##     ## ##       ##     ##  ##   ##  ##       ##
     ######    ##  ########  ######   ########  #########  ######  ######
     ##        ##  ##    ##  ##       ##     ## ##     ##       ## ##
     ##       #### ##     ## ######## ########  ##     ##  ######  ########

You're about to initialize a Firebase project in this directory:

  C:\Users\edina\Desktop\Softversko\rent-a-car-frontend

[info] 
=== Project Setup
[info] 
[info] First, let's associate this project directory with a Firebase project.
[info] You can create multiple project aliases by running firebase use --add, 
[info] but for now we'll just set up a default project.
[info] 
[debug] [2023-01-22T18:24:53.120Z] > refreshing access token with scopes: []
[debug] [2023-01-22T18:24:53.123Z] >>> [apiv2][query] POST https://www.googleapis.com/oauth2/v3/token [none]
[debug] [2023-01-22T18:24:53.123Z] >>> [apiv2][body] POST https://www.googleapis.com/oauth2/v3/token [omitted]
[debug] [2023-01-22T18:24:53.357Z] <<< [apiv2][status] POST https://www.googleapis.com/oauth2/v3/token 200
[debug] [2023-01-22T18:24:53.357Z] <<< [apiv2][body] POST https://www.googleapis.com/oauth2/v3/token [omitted]
[debug] [2023-01-22T18:24:53.368Z] >>> [apiv2][query] GET https://firebase.googleapis.com/v1beta1/projects pageSize=100
[debug] [2023-01-22T18:24:53.868Z] <<< [apiv2][status] GET https://firebase.googleapis.com/v1beta1/projects 200
[debug] [2023-01-22T18:24:53.869Z] <<< [apiv2][body] GET https://firebase.googleapis.com/v1beta1/projects [omitted]
[info] i  Using project rentacar-370116 (RentACar) 
[info] 
=== Hosting Setup
[info] 
[info] Your public directory is the folder (relative to your project directory) that
[info] will contain Hosting assets to be uploaded with firebase deploy. If you
[info] have a build process for your assets, use your build's output directory.
[info] 
